2026-04-22 15:17:35 - INFO - Loaded font: VCROSDMono[NolivantNTEdit]-Regular.ttf
2026-04-22 10:53:18 - INFO - Loaded font: VCROSDMono[NolivantNTEdit]-Regular.ttf
2026-04-22 10:53:18 - INFO - Music started
2026-04-22 10:53:28 - INFO - Music stopped
2026-04-22 10:53:28 - INFO - Game music started
2026-04-22 10:53:32 - INFO - Game exited
2026-04-22 10:54:17 - INFO - Loaded font: VCROSDMono[NolivantNTEdit]-Regular.ttf
2026-04-22 10:54:17 - INFO - Background image loaded: assets\images\menu_background.jpg
2026-04-22 10:54:17 - INFO - Music started
2026-04-22 10:54:28 - INFO - Game exited
2026-04-22 10:55:01 - INFO - Loaded font: VCROSDMono[NolivantNTEdit]-Regular.ttf
2026-04-22 10:55:01 - INFO - Background image loaded: assets\images\menu_background.jpg
2026-04-22 10:55:01 - INFO - Music started
2026-04-22 10:55:40 - INFO - Settings saved successfully.
2026-04-22 11:13:51 - INFO - Game exited
2026-04-22 11:20:14 - INFO - Loaded font: VCROSDMono[NolivantNTEdit]-Regular.ttf
2026-04-22 11:20:14 - INFO - Background image loaded: assets\images\menu_background.gif
2026-04-22 11:20:14 - INFO - Music started
2026-04-22 11:20:28 - INFO - Game exited
2026-04-22 11:23:40 - INFO - Loaded font: VCROSDMono[NolivantNTEdit]-Regular.ttf
2026-04-22 11:23:40 - INFO - Background image loaded: assets\images\menu_background.jpg
2026-04-22 11:23:40 - INFO - Music started
2026-04-22 11:24:07 - INFO - Music stopped
2026-04-22 11:24:07 - INFO - Game music started
2026-04-22 11:24:08 - INFO - Music stopped
2026-04-22 11:24:08 - INFO - Music started
2026-04-22 11:24:17 - INFO - Game exited
2026-04-22 11:26:37 - INFO - Loaded font: VCROSDMono[NolivantNTEdit]-Regular.ttf
2026-04-22 11:26:37 - INFO - Background image loaded: assets\images\menu_background.jpg
2026-04-22 11:26:37 - INFO - Music started
2026-04-22 11:42:28 - INFO - Game exited
2026-04-22 11:49:22 - INFO - Loaded font: VCROSDMono[NolivantNTEdit]-Regular.ttf
2026-04-22 11:49:22 - INFO - Background image loaded: assets\images\menu_background.jpg
2026-04-22 11:49:22 - INFO - Music started
2026-04-22 11:49:24 - INFO - Game exited
2026-04-22 17:40:40 - INFO - Loaded font: VCROSDMono[NolivantNTEdit]-Regular.ttf
2026-04-22 17:40:40 - INFO - Background image loaded: assets\images\menu_background.jpg
2026-04-22 17:40:40 - INFO - Music started
2026-04-22 17:40:50 - INFO - Music stopped
2026-04-22 17:40:50 - INFO - Game music started
2026-04-22 17:40:53 - INFO - Music stopped
2026-04-22 17:40:53 - INFO - Music started
2026-04-22 17:41:40 - INFO - Game exited
2026-04-22 17:45:26 - INFO - Loaded font: VCROSDMono[NolivantNTEdit]-Regular.ttf
2026-04-22 17:45:26 - INFO - Background image loaded: assets\images\menu_background.jpg
2026-04-22 17:45:26 - INFO - Music started
2026-04-22 17:45:31 - INFO - Settings saved successfully.
2026-04-22 17:46:32 - INFO - Game exited
2026-04-22 17:47:21 - INFO - Loaded font: VCROSDMono[NolivantNTEdit]-Regular.ttf
2026-04-22 17:47:21 - INFO - Background image loaded: assets\images\menu_background.jpg
2026-04-22 17:47:21 - INFO - Music started
2026-04-22 17:47:26 - INFO - Settings saved successfully.
2026-04-22 17:47:27 - INFO - Game exited
2026-04-22 17:47:28 - INFO - Loaded font: VCROSDMono[NolivantNTEdit]-Regular.ttf
2026-04-22 17:47:29 - INFO - Background image loaded: assets\images\menu_background.jpg
2026-04-22 17:47:29 - INFO - Music started
2026-04-22 17:47:32 - INFO - Game exited
2026-04-22 17:49:49 - INFO - Loaded font: VCROSDMono[NolivantNTEdit]-Regular.ttf
2026-04-22 17:49:49 - INFO - Background image loaded: assets\images\menu_background.jpg
2026-04-22 17:49:49 - INFO - Music started
2026-04-22 17:50:32 - INFO - Music stopped
2026-04-22 17:50:32 - INFO - Game music started
2026-04-22 17:50:36 - INFO - Game exited
2026-04-22 17:55:11 - INFO - Loaded font: VCROSDMono[NolivantNTEdit]-Regular.ttf
2026-04-22 17:55:12 - INFO - Background image loaded: assets\images\menu_background.jpg
2026-04-22 17:55:12 - INFO - Music started
2026-04-22 17:57:32 - INFO - Game exited
2026-04-22 17:57:33 - INFO - Loaded font: VCROSDMono[NolivantNTEdit]-Regular.ttf
2026-04-22 17:57:33 - INFO - Background image loaded: assets\images\menu_background.jpg
2026-04-22 17:57:33 - INFO - Music started
2026-04-22 17:57:36 - INFO - Music stopped
2026-04-22 17:57:36 - INFO - Game music started
2026-04-22 17:57:39 - INFO - Music stopped
2026-04-22 17:57:39 - INFO - Music started
2026-04-22 17:57:41 - INFO - Music stopped
2026-04-22 17:57:41 - INFO - Game music started
2026-04-22 17:57:57 - INFO - Music stopped
2026-04-22 17:57:57 - INFO - Music started
2026-04-22 17:57:59 - INFO - Music stopped
2026-04-22 17:57:59 - INFO - Game music started
2026-04-22 17:58:00 - INFO - Music stopped
2026-04-22 17:58:00 - INFO - Music started
2026-04-22 17:59:45 - INFO - Game exited
2026-04-22 17:59:46 - INFO - Loaded font: VCROSDMono[NolivantNTEdit]-Regular.ttf
2026-04-22 17:59:46 - INFO - Background image loaded: assets\images\menu_background.jpg
2026-04-22 17:59:46 - INFO - Menu music started with 1000ms fade-in
2026-04-22 18:03:05 - INFO - Game exited
2026-04-22 18:03:07 - INFO - Loaded font: VCROSDMono[NolivantNTEdit]-Regular.ttf
2026-04-22 18:03:07 - INFO - Background image loaded: assets\images\menu_background.jpg
2026-04-22 18:03:07 - INFO - Menu music started with 2500ms fade-in
2026-04-22 18:03:09 - INFO - Music fading out over 3000ms
2026-04-22 18:03:12 - INFO - Game music started with 2500ms fade-in
2026-04-22 18:03:14 - INFO - Music fading out over 3000ms
2026-04-22 18:03:17 - INFO - Menu music started with 2500ms fade-in
2026-04-22 18:03:19 - INFO - Music fading out over 3000ms
2026-04-22 18:03:22 - INFO - Game music started with 2500ms fade-in
2026-04-22 18:04:09 - INFO - Game exited
2026-04-22 18:04:27 - INFO - Loaded font: VCROSDMono[NolivantNTEdit]-Regular.ttf
2026-04-22 18:04:27 - INFO - Background image loaded: assets\images\menu_background.jpg
2026-04-22 18:04:27 - INFO - Music started
2026-04-22 18:04:29 - INFO - Music stopped
2026-04-22 18:04:29 - INFO - Game music started
2026-04-22 18:04:30 - INFO - Game exited
2026-04-22 18:07:51 - INFO - Loaded font: VCROSDMono[NolivantNTEdit]-Regular.ttf
2026-04-22 18:07:51 - INFO - Background image loaded: assets\images\menu_background.jpg
2026-04-22 18:07:51 - INFO - Menu music started with 2500ms fade-in
2026-04-22 18:07:58 - INFO - Game exited
2026-04-22 18:08:00 - INFO - Loaded font: VCROSDMono[NolivantNTEdit]-Regular.ttf
2026-04-22 18:08:00 - INFO - Background image loaded: assets\images\menu_background.jpg
2026-04-22 18:08:00 - INFO - Menu music started with 2500ms fade-in
2026-04-22 18:08:02 - INFO - Music fading out over 3000ms
2026-04-22 18:08:05 - INFO - Game music started with 2500ms fade-in
2026-04-22 18:08:17 - INFO - Music fading out over 3000ms
2026-04-22 18:08:20 - INFO - Menu music started with 2500ms fade-in
2026-04-22 18:08:26 - INFO - Music fading out over 3000ms
2026-04-22 18:08:29 - INFO - Game music started with 2500ms fade-in
2026-04-22 18:08:35 - INFO - Game exited
2026-04-22 18:10:09 - INFO - Loaded font: VCROSDMono[NolivantNTEdit]-Regular.ttf
2026-04-22 18:10:09 - INFO - Background image loaded: assets\images\menu_background.jpg
2026-04-22 18:10:09 - INFO - Menu music started with 1000ms fade-in
2026-04-22 18:10:19 - INFO - Loaded font: VCROSDMono[NolivantNTEdit]-Regular.ttf
2026-04-22 18:10:19 - INFO - Background image loaded: assets\images\menu_background.jpg
2026-04-22 18:10:19 - INFO - Menu music started with 1000ms fade-in
2026-04-22 18:10:24 - INFO - Loaded font: VCROSDMono[NolivantNTEdit]-Regular.ttf
2026-04-22 18:10:24 - INFO - Background image loaded: assets\images\menu_background.jpg
2026-04-22 18:10:24 - INFO - Music started
2026-04-22 18:10:26 - INFO - Music stopped
2026-04-22 18:10:26 - INFO - Game music started
2026-04-22 18:10:28 - INFO - Game exited
2026-04-22 18:13:43 - INFO - Loaded font: VCROSDMono[NolivantNTEdit]-Regular.ttf
2026-04-22 18:13:43 - INFO - Background image loaded: assets\images\menu_background.jpg
2026-04-22 18:13:43 - INFO - Music started
2026-04-22 18:13:57 - INFO - Game exited
2026-04-22 18:13:58 - INFO - Loaded font: VCROSDMono[NolivantNTEdit]-Regular.ttf
2026-04-22 18:13:58 - INFO - Background image loaded: assets\images\menu_background.jpg
2026-04-22 18:13:58 - INFO - Music started
2026-04-22 18:14:37 - INFO - Game exited
2026-04-22 18:14:38 - INFO - Loaded font: VCROSDMono[NolivantNTEdit]-Regular.ttf
2026-04-22 18:14:38 - INFO - Background image loaded: assets\images\menu_background.jpg
2026-04-22 18:14:38 - INFO - Music started
2026-04-22 18:15:07 - INFO - Game exited
2026-04-22 18:17:36 - INFO - Loaded font: VCROSDMono[NolivantNTEdit]-Regular.ttf
2026-04-22 18:17:36 - INFO - Background image loaded: assets\images\menu_background.jpg
2026-04-22 18:17:36 - INFO - Footstep sound loaded
2026-04-22 18:17:36 - INFO - Music started
2026-04-22 18:17:37 - INFO - Music stopped
2026-04-22 18:17:37 - INFO - Game music started
2026-04-22 18:17:43 - INFO - Music stopped
2026-04-22 18:17:43 - INFO - Music started
2026-04-22 18:17:48 - INFO - Settings saved successfully.
2026-04-22 18:17:49 - INFO - Music stopped
2026-04-22 18:17:49 - INFO - Game music started
2026-04-22 18:18:25 - INFO - Game exited
2026-04-22 18:18:27 - INFO - Loaded font: VCROSDMono[NolivantNTEdit]-Regular.ttf
2026-04-22 18:18:27 - INFO - Background image loaded: assets\images\menu_background.jpg
2026-04-22 18:18:27 - INFO - Footstep sound loaded
2026-04-22 18:18:27 - INFO - Music started
2026-04-22 18:18:32 - INFO - Settings saved successfully.
2026-04-22 18:18:32 - INFO - Music stopped
2026-04-22 18:18:32 - INFO - Game music started
2026-04-22 18:18:35 - INFO - Game exited
2026-04-22 18:18:40 - INFO - Loaded font: VCROSDMono[NolivantNTEdit]-Regular.ttf
2026-04-22 18:18:40 - INFO - Background image loaded: assets\images\menu_background.jpg
2026-04-22 18:18:40 - INFO - Footstep sound loaded
2026-04-22 18:18:40 - INFO - Music started
2026-04-22 18:18:41 - INFO - Music stopped
2026-04-22 18:18:41 - INFO - Game music started
2026-04-22 18:22:30 - INFO - Game exited
2026-04-22 18:22:32 - INFO - Loaded font: VCROSDMono[NolivantNTEdit]-Regular.ttf
2026-04-22 18:22:32 - INFO - Background image loaded: assets\images\menu_background.jpg
2026-04-22 18:22:32 - INFO - Footstep sound loaded
2026-04-22 18:22:32 - INFO - Music started
2026-04-22 18:22:33 - INFO - Music stopped
2026-04-22 18:22:33 - INFO - Game music started
2026-04-22 18:22:44 - INFO - Game exited
2026-04-22 18:22:45 - INFO - Loaded font: VCROSDMono[NolivantNTEdit]-Regular.ttf
2026-04-22 18:22:45 - INFO - Background image loaded: assets\images\menu_background.jpg
2026-04-22 18:22:45 - INFO - Footstep sound loaded
2026-04-22 18:22:45 - INFO - Music started
2026-04-22 18:22:46 - INFO - Music stopped
2026-04-22 18:22:46 - INFO - Game music started
2026-04-22 18:22:55 - INFO - Game exited
2026-04-22 18:22:57 - INFO - Loaded font: VCROSDMono[NolivantNTEdit]-Regular.ttf
2026-04-22 18:22:57 - INFO - Background image loaded: assets\images\menu_background.jpg
2026-04-22 18:22:57 - INFO - Footstep sound loaded
2026-04-22 18:22:57 - INFO - Music started
2026-04-22 18:22:58 - INFO - Music stopped
2026-04-22 18:22:58 - INFO - Game music started
2026-04-22 18:23:03 - INFO - Game exited
2026-04-22 18:23:08 - INFO - Loaded font: VCROSDMono[NolivantNTEdit]-Regular.ttf
2026-04-22 18:23:08 - INFO - Background image loaded: assets\images\menu_background.jpg
2026-04-22 18:23:08 - INFO - Footstep sound loaded
2026-04-22 18:23:08 - INFO - Music started
2026-04-22 18:23:09 - INFO - Music stopped
2026-04-22 18:23:09 - INFO - Game music started
2026-04-22 18:23:12 - INFO - Game exited
2026-04-22 18:23:19 - INFO - Loaded font: VCROSDMono[NolivantNTEdit]-Regular.ttf
2026-04-22 18:23:19 - INFO - Background image loaded: assets\images\menu_background.jpg
2026-04-22 18:23:19 - INFO - Footstep sound loaded
2026-04-22 18:23:19 - INFO - Music started
2026-04-22 18:23:20 - INFO - Music stopped
2026-04-22 18:23:20 - INFO - Game music started
2026-04-22 18:23:22 - INFO - Game exited
2026-04-22 18:23:27 - INFO - Loaded font: VCROSDMono[NolivantNTEdit]-Regular.ttf
2026-04-22 18:23:27 - INFO - Background image loaded: assets\images\menu_background.jpg
2026-04-22 18:23:27 - INFO - Footstep sound loaded
2026-04-22 18:23:27 - INFO - Music started
2026-04-22 18:23:28 - INFO - Music stopped
2026-04-22 18:23:28 - INFO - Game music started
2026-04-22 18:23:31 - INFO - Game exited
2026-04-22 18:23:36 - INFO - Loaded font: VCROSDMono[NolivantNTEdit]-Regular.ttf
2026-04-22 18:23:36 - INFO - Background image loaded: assets\images\menu_background.jpg
2026-04-22 18:23:36 - INFO - Footstep sound loaded
2026-04-22 18:23:36 - INFO - Music started
2026-04-22 18:23:38 - INFO - Music stopped
2026-04-22 18:23:38 - INFO - Game music started
2026-04-22 18:23:42 - INFO - Game exited
2026-04-22 18:23:49 - INFO - Loaded font: VCROSDMono[NolivantNTEdit]-Regular.ttf
2026-04-22 18:23:50 - INFO - Background image loaded: assets\images\menu_background.jpg
2026-04-22 18:23:50 - INFO - Footstep sound loaded
2026-04-22 18:23:50 - INFO - Music started
2026-04-22 18:23:50 - INFO - Music stopped
2026-04-22 18:23:50 - INFO - Game music started
2026-04-22 18:24:00 - INFO - Game exited
2026-04-22 18:27:26 - INFO - Loaded font: VCROSDMono[NolivantNTEdit]-Regular.ttf
2026-04-22 18:27:26 - INFO - Background image loaded: assets\images\menu_background.jpg
2026-04-22 18:27:26 - INFO - Footstep sound loaded
2026-04-22 18:27:26 - INFO - Music started
2026-04-22 18:27:27 - INFO - Music stopped
2026-04-22 18:27:27 - INFO - Game music started
2026-04-22 18:27:34 - INFO - Game exited
2026-04-22 18:27:38 - INFO - Loaded font: VCROSDMono[NolivantNTEdit]-Regular.ttf
2026-04-22 18:27:38 - INFO - Background image loaded: assets\images\menu_background.jpg
2026-04-22 18:27:38 - INFO - Footstep sound loaded
2026-04-22 18:27:38 - INFO - Music started
2026-04-22 18:27:39 - INFO - Music stopped
2026-04-22 18:27:39 - INFO - Game music started
2026-04-22 18:27:46 - INFO - Game exited
2026-04-22 18:28:25 - INFO - Loaded font: VCROSDMono[NolivantNTEdit]-Regular.ttf
2026-04-22 18:28:25 - INFO - Background image loaded: assets\images\menu_background.jpg
2026-04-22 18:28:25 - INFO - Footstep sound loaded
2026-04-22 18:28:25 - INFO - Music started
2026-04-22 18:28:25 - INFO - Music stopped
2026-04-22 18:28:25 - INFO - Game music started
2026-04-22 18:28:29 - INFO - Game exited
2026-04-22 18:28:44 - INFO - Loaded font: VCROSDMono[NolivantNTEdit]-Regular.ttf
2026-04-22 18:28:44 - INFO - Background image loaded: assets\images\menu_background.jpg
2026-04-22 18:28:44 - INFO - Footstep sound loaded
2026-04-22 18:28:44 - INFO - Music started
2026-04-22 18:28:45 - INFO - Music stopped
2026-04-22 18:28:45 - INFO - Game music started
2026-04-22 18:28:49 - INFO - Game exited
2026-04-22 18:28:55 - INFO - Loaded font: VCROSDMono[NolivantNTEdit]-Regular.ttf
2026-04-22 18:28:55 - INFO - Background image loaded: assets\images\menu_background.jpg
2026-04-22 18:28:55 - INFO - Footstep sound loaded
2026-04-22 18:28:55 - INFO - Music started
2026-04-22 18:28:57 - INFO - Music stopped
2026-04-22 18:28:57 - INFO - Game music started
2026-04-22 18:28:59 - INFO - Game exited
2026-04-22 18:29:05 - INFO - Loaded font: VCROSDMono[NolivantNTEdit]-Regular.ttf
2026-04-22 18:29:05 - INFO - Background image loaded: assets\images\menu_background.jpg
2026-04-22 18:29:05 - INFO - Footstep sound loaded
2026-04-22 18:29:05 - INFO - Music started
2026-04-22 18:29:06 - INFO - Music stopped
2026-04-22 18:29:06 - INFO - Game music started
2026-04-22 18:29:09 - INFO - Game exited
2026-04-22 18:29:14 - INFO - Loaded font: VCROSDMono[NolivantNTEdit]-Regular.ttf
2026-04-22 18:29:14 - INFO - Background image loaded: assets\images\menu_background.jpg
2026-04-22 18:29:14 - INFO - Footstep sound loaded
2026-04-22 18:29:14 - INFO - Music started
2026-04-22 18:29:15 - INFO - Music stopped
2026-04-22 18:29:15 - INFO - Game music started
2026-04-22 18:29:39 - INFO - Game exited
2026-04-22 18:29:57 - INFO - Loaded font: VCROSDMono[NolivantNTEdit]-Regular.ttf
2026-04-22 18:29:57 - INFO - Background image loaded: assets\images\menu_background.jpg
2026-04-22 18:29:57 - INFO - Footstep sound loaded
2026-04-22 18:29:57 - INFO - Music started
2026-04-22 18:29:58 - INFO - Music stopped
2026-04-22 18:29:58 - INFO - Game music started
2026-04-22 18:30:04 - INFO - Game exited
2026-04-22 18:36:13 - INFO - Loaded font: VCROSDMono[NolivantNTEdit]-Regular.ttf
2026-04-22 18:36:13 - INFO - Background image loaded: assets\images\menu_background.jpg
2026-04-22 18:36:13 - INFO - Footstep sound loaded
2026-04-22 18:36:13 - INFO - Music started
2026-04-22 18:36:19 - INFO - Settings saved successfully.
2026-04-22 18:36:20 - INFO - Music stopped
2026-04-22 18:36:20 - INFO - Game music started
2026-04-22 18:36:53 - INFO - Game exited
2026-04-22 18:40:41 - INFO - Loaded font: VCROSDMono[NolivantNTEdit]-Regular.ttf
2026-04-22 18:40:41 - INFO - Background image loaded: assets\images\menu_background.jpg
2026-04-22 18:40:41 - INFO - Music started
2026-04-22 18:40:42 - INFO - Music stopped
2026-04-22 18:40:42 - INFO - Game music started
2026-04-22 18:40:48 - INFO - Game exited
2026-04-22 18:40:59 - INFO - Loaded font: VCROSDMono[NolivantNTEdit]-Regular.ttf
2026-04-22 18:40:59 - INFO - Background image loaded: assets\images\menu_background.jpg
2026-04-22 18:40:59 - INFO - Music started
2026-04-22 18:41:43 - INFO - Game exited
2026-04-22 20:06:31 - INFO - Loaded font: VCROSDMono[NolivantNTEdit]-Regular.ttf
2026-04-22 20:06:31 - INFO - Background image loaded: assets\images\menu_background.jpg
2026-04-22 20:06:31 - INFO - Music started
2026-04-22 20:08:23 - INFO - Game exited
2026-04-22 20:08:25 - INFO - Loaded font: VCROSDMono[NolivantNTEdit]-Regular.ttf
2026-04-22 20:08:25 - INFO - Background image loaded: assets\images\menu_background.jpg
2026-04-22 20:08:25 - INFO - Music started
2026-04-22 20:09:55 - INFO - Game exited
2026-04-22 20:10:03 - INFO - Loaded font: VCROSDMono[NolivantNTEdit]-Regular.ttf
2026-04-22 20:10:03 - INFO - Background image loaded: assets\images\menu_background.jpg
2026-04-22 20:10:03 - INFO - Music started
2026-04-22 20:18:44 - INFO - Game exited
2026-04-22 20:18:46 - INFO - Loaded font: VCROSDMono[NolivantNTEdit]-Regular.ttf
2026-04-22 20:18:46 - INFO - Background image loaded: assets\images\menu_background.jpg
2026-04-22 20:18:46 - INFO - Music started
2026-04-22 21:26:02 - INFO - Game exited
2026-04-22 21:26:03 - INFO - Loaded font: VCROSDMono[NolivantNTEdit]-Regular.ttf
2026-04-22 21:26:03 - INFO - Background image loaded: assets\images\menu_background.jpg
2026-04-22 21:26:03 - INFO - Music started
2026-04-22 21:26:14 - INFO - Game exited
2026-04-22 21:27:12 - INFO - Loaded font: VCROSDMono[NolivantNTEdit]-Regular.ttf
2026-04-22 21:27:30 - INFO - Loaded font: VCROSDMono[NolivantNTEdit]-Regular.ttf
2026-04-22 21:27:30 - INFO - Background image loaded: assets\images\menu_background.jpg
2026-04-22 21:27:30 - INFO - Music started
2026-04-22 21:31:59 - INFO - Game exited
2026-04-22 21:35:01 - INFO - Loaded font: VCROSDMono[NolivantNTEdit]-Regular.ttf
2026-04-22 21:35:01 - INFO - Background image loaded: assets\images\menu_background.jpg
2026-04-22 21:35:01 - INFO - Music started
2026-04-22 21:43:42 - INFO - Settings saved successfully.
2026-04-22 21:44:25 - INFO - Game exited
